<?xml version="1.0" encoding="UTF-8"?>
<!-- Generated by org.testng.reporters.JUnitReportReporter -->
<testsuite hostname="LAPTOP-HO6ECK1B" failures="0" tests="1" name="pac.practice.ReadDataFromPropertyFile" time="0.011" errors="0" timestamp="2021-07-24T03:23:04 IST" skipped="0">
  <testcase classname="pac.practice.ReadDataFromPropertyFile" name="readDataTest" time="0.011"/>
  <system-out/>
</testsuite> <!-- pac.practice.ReadDataFromPropertyFile -->
